[08/30/2022 12:34:46] Debug: Session id: 90491e4e-a206-4324-af88-e7d84f42d40b
[08/30/2022 12:34:46] Debug: Code Processor information: Name :SnowConvert, Version: 7.11.102.0
[08/30/2022 12:34:46] Debug: Getting license
[08/30/2022 12:34:46] Debug: License information
	Status: Failed
	Message: No active license available.
[08/30/2022 12:34:46] Info: Starting to validate parameters
[08/30/2022 12:34:46] Info: Parameters to validate: 
	Execution mode: Conversion
	LICENSE_KEY: a3372138-b87e-4a08-b929-3b48b24c63f1
[08/30/2022 12:34:46] Info: Validation of parameters: Success
[08/30/2022 12:34:46] Debug: Getting code descriptor
[08/30/2022 12:34:46] Debug: Code descriptor information
	Units: 51
	Units type: LOC
	All file bytes: 2141
	All found extensions: .sql,.dml,.ddl,.bteq,.btq,.fl,.fload,.ml,.mload,.mld,.tp,.tpump,.tpt
[08/30/2022 12:34:46] Debug: Calculating fingerprint
[08/30/2022 12:34:46] Debug: Fingerprint information Fingerprint(size=2141,projects=1)
[08/30/2022 12:34:46] Info: Starting to try to validate online license for execution
[08/30/2022 12:34:48] Debug: Getting license
[08/30/2022 12:34:48] Debug: License information
	Status: Failed
	Message: No active license available.
[08/30/2022 12:34:48] Debug: Starting the execution of the controller
[08/30/2022 12:34:49] Debug: Executing the worker: SnowConvert
[08/30/2022 12:35:01] Debug: Finished executing the worker: SnowConvert
[08/30/2022 12:35:03] Info: Controller execution ended
